roi区域：心肌，特征降维方法：无，模型名：KNN
Accuracy: 0.6995073891625616
F1 Score: 0.7090410761296838
sensitivity: 0.6930211800383917
specificity: 0.8497536945812808
AUC: 0.8428267814765263
roi区域：心肌，特征降维方法：无，模型名：LogisticRegressor
Accuracy: 0.8325123152709359
F1 Score: 0.8279886706181526
sensitivity: 0.812962534793729
specificity: 0.916256157635468
AUC: 0.931939845974957
roi区域：心肌，特征降维方法：无，模型名：DecisionTree
Accuracy: 0.7733990147783252
F1 Score: 0.7493171507619393
sensitivity: 0.7274680919325149
specificity: 0.8866995073891626
AUC: 0.7917370363409888
roi区域：心肌，特征降维方法：无，模型名：SVM
Accuracy: 0.7931034482758621
F1 Score: 0.785184908293461
sensitivity: 0.7645120991663843
specificity: 0.896551724137931
AUC: 0.9237135842688308
roi区域：心肌，特征降维方法：无，模型名：RandomForest
Accuracy: 0.8226600985221675
F1 Score: 0.8048478239317934
sensitivity: 0.7810410247862191
specificity: 0.9113300492610837
AUC: 0.9401714547273503
roi区域：心肌，特征降维方法：无，模型名：AdaBoost
Accuracy: 0.6847290640394089
F1 Score: 0.6171701817721198
sensitivity: 0.6313522639896331
specificity: 0.8423645320197044
AUC: 0.7097924794157572
roi区域：心肌，特征降维方法：PCA，模型名：KNN
Accuracy: 0.6995073891625616
F1 Score: 0.7090410761296838
sensitivity: 0.6930211800383917
specificity: 0.8497536945812808
AUC: 0.8428267814765263
roi区域：心肌，特征降维方法：PCA，模型名：LogisticRegressor
Accuracy: 0.8325123152709359
F1 Score: 0.8279886706181526
sensitivity: 0.812962534793729
specificity: 0.916256157635468
AUC: 0.931939845974957
roi区域：心肌，特征降维方法：PCA，模型名：DecisionTree
Accuracy: 0.5812807881773399
F1 Score: 0.5633006508946359
sensitivity: 0.5599437923327436
specificity: 0.7906403940886699
AUC: 0.6471329091558121
roi区域：心肌，特征降维方法：PCA，模型名：SVM
Accuracy: 0.7931034482758621
F1 Score: 0.785184908293461
sensitivity: 0.7645120991663843
specificity: 0.896551724137931
AUC: 0.9237135842688308
roi区域：心肌，特征降维方法：PCA，模型名：RandomForest
Accuracy: 0.6108374384236454
F1 Score: 0.3137980269989616
sensitivity: 0.367816091954023
specificity: 0.8054187192118226
AUC: 0.7844666647820754
roi区域：心肌，特征降维方法：PCA，模型名：AdaBoost
Accuracy: 0.6354679802955665
F1 Score: 0.4086232239098481
sensitivity: 0.4340267882587632
specificity: 0.8177339901477833
AUC: 0.6502208063639539
roi区域：心肌，特征降维方法：t-SNE，模型名：KNN
Accuracy: 0.7093596059113301
F1 Score: 0.6761163302087144
sensitivity: 0.65071845801721
specificity: 0.854679802955665
AUC: 0.7939811316739923
roi区域：心肌，特征降维方法：t-SNE，模型名：LogisticRegressor
Accuracy: 0.6896551724137931
F1 Score: 0.5380089616208844
sensitivity: 0.595421297615655
specificity: 0.8448275862068966
AUC: 0.6827842410295064
roi区域：心肌，特征降维方法：t-SNE，模型名：DecisionTree
Accuracy: 0.6354679802955665
F1 Score: 0.6496819313797597
sensitivity: 0.6584918206731657
specificity: 0.8177339901477833
AUC: 0.7172302108692433
roi区域：心肌，特征降维方法：t-SNE，模型名：SVM
Accuracy: 0.7241379310344828
F1 Score: 0.5811287477954145
sensitivity: 0.632183908045977
specificity: 0.8620689655172413
AUC: 0.7482798929213156
roi区域：心肌，特征降维方法：t-SNE，模型名：RandomForest
Accuracy: 0.7192118226600985
F1 Score: 0.7119854109101421
sensitivity: 0.6913793999616441
specificity: 0.8596059113300493
AUC: 0.8008478577056319
roi区域：心肌，特征降维方法：t-SNE，模型名：AdaBoost
Accuracy: 0.5320197044334976
F1 Score: 0.5861512510884989
sensitivity: 0.5920947213902794
specificity: 0.7660098522167488
AUC: 0.6860740161431377
roi区域：左心室，特征降维方法：无，模型名：KNN
Accuracy: 0.7142857142857143
F1 Score: 0.7232246510879051
sensitivity: 0.7029561003063103
specificity: 0.8571428571428571
AUC: 0.833135803534276
roi区域：左心室，特征降维方法：无，模型名：LogisticRegressor
Accuracy: 0.7438423645320197
F1 Score: 0.7421768234776365
sensitivity: 0.719485025926145
specificity: 0.8719211822660099
AUC: 0.8735836644812881
roi区域：左心室，特征降维方法：无，模型名：DecisionTree
Accuracy: 0.6305418719211823
F1 Score: 0.6049508563949609
sensitivity: 0.5947545485015172
specificity: 0.8152709359605911
AUC: 0.6819460061449739
roi区域：左心室，特征降维方法：无，模型名：SVM
Accuracy: 0.7881773399014779
F1 Score: 0.7433913250278983
sensitivity: 0.7212074611376676
specificity: 0.8940886699507389
AUC: 0.8632617664190446
roi区域：左心室，特征降维方法：无，模型名：RandomForest
Accuracy: 0.7931034482758621
F1 Score: 0.761649079935116
sensitivity: 0.7501805778850789
specificity: 0.896551724137931
AUC: 0.875453537651012
roi区域：左心室，特征降维方法：无，模型名：AdaBoost
Accuracy: 0.6157635467980296
F1 Score: 0.598785629954461
sensitivity: 0.5742161665152142
specificity: 0.8078817733990148
AUC: 0.7534258717333365
roi区域：左心室，特征降维方法：PCA，模型名：KNN
Accuracy: 0.7142857142857143
F1 Score: 0.7232246510879051
sensitivity: 0.7029561003063103
specificity: 0.8571428571428571
AUC: 0.833135803534276
roi区域：左心室，特征降维方法：PCA，模型名：LogisticRegressor
Accuracy: 0.7438423645320197
F1 Score: 0.7421768234776365
sensitivity: 0.719485025926145
specificity: 0.8719211822660099
AUC: 0.8736172598585642
roi区域：左心室，特征降维方法：PCA，模型名：DecisionTree
Accuracy: 0.5812807881773399
F1 Score: 0.5643073517668699
sensitivity: 0.5495339029378185
specificity: 0.7906403940886699
AUC: 0.6407000418342956
roi区域：左心室，特征降维方法：PCA，模型名：SVM
Accuracy: 0.7881773399014779
F1 Score: 0.7433913250278983
sensitivity: 0.7212074611376676
specificity: 0.8940886699507389
AUC: 0.8632617664190446
roi区域：左心室，特征降维方法：PCA，模型名：RandomForest
Accuracy: 0.6157635467980296
F1 Score: 0.34450161997331813
sensitivity: 0.3828448320670477
specificity: 0.8078817733990148
AUC: 0.7915851884063323
roi区域：左心室，特征降维方法：PCA，模型名：AdaBoost
Accuracy: 0.6502463054187192
F1 Score: 0.5489126958064475
sensitivity: 0.5161283384504536
specificity: 0.8251231527093597
AUC: 0.7135327237001041
roi区域：左心室，特征降维方法：t-SNE，模型名：KNN
Accuracy: 0.7389162561576355
F1 Score: 0.7309571532316631
sensitivity: 0.7131957177500444
specificity: 0.8694581280788177
AUC: 0.8401440899724255
roi区域：左心室，特征降维方法：t-SNE，模型名：LogisticRegressor
Accuracy: 0.7536945812807881
F1 Score: 0.7198400088143023
sensitivity: 0.7212666082365023
specificity: 0.8768472906403941
AUC: 0.8578063261329243
roi区域：左心室，特征降维方法：t-SNE，模型名：DecisionTree
Accuracy: 0.6699507389162561
F1 Score: 0.6774503325844677
sensitivity: 0.6727641948556363
specificity: 0.8349753694581281
AUC: 0.7375193743178284
roi区域：左心室，特征降维方法：t-SNE，模型名：SVM
Accuracy: 0.7931034482758621
F1 Score: 0.7571452532707146
sensitivity: 0.7310312565532296
specificity: 0.896551724137931
AUC: 0.8433663281950308
roi区域：左心室，特征降维方法：t-SNE，模型名：RandomForest
Accuracy: 0.7438423645320197
F1 Score: 0.7148556231003039
sensitivity: 0.7018125897288375
specificity: 0.8719211822660099
AUC: 0.826867770023584
roi区域：左心室，特征降维方法：t-SNE，模型名：AdaBoost
Accuracy: 0.625615763546798
F1 Score: 0.6425117914449401
sensitivity: 0.6340264297914976
specificity: 0.812807881773399
AUC: 0.79050668140549
roi区域：心肌+左心室，特征降维方法：无，模型名：KNN
Accuracy: 0.7142857142857143
F1 Score: 0.6689501396948204
sensitivity: 0.6328470724874582
specificity: 0.8571428571428571
AUC: 0.7905536471394466
roi区域：心肌+左心室，特征降维方法：无，模型名：LogisticRegressor
Accuracy: 0.7980295566502463
F1 Score: 0.7780883154375268
sensitivity: 0.7709949796659443
specificity: 0.8990147783251231
AUC: 0.9246115866156276
roi区域：心肌+左心室，特征降维方法：无，模型名：DecisionTree
Accuracy: 0.645320197044335
F1 Score: 0.6013055764439218
sensitivity: 0.6100879857903575
specificity: 0.8226600985221675
AUC: 0.698779157833035
roi区域：心肌+左心室，特征降维方法：无，模型名：SVM
Accuracy: 0.7832512315270936
F1 Score: 0.7586940323782428
sensitivity: 0.7431940508772591
specificity: 0.8916256157635468
AUC: 0.9005658797821274
roi区域：心肌+左心室，特征降维方法：无，模型名：RandomForest
Accuracy: 0.7881773399014779
F1 Score: 0.751238751914222
sensitivity: 0.7405503547929762
specificity: 0.8940886699507389
AUC: 0.9016774066328606
roi区域：心肌+左心室，特征降维方法：无，模型名：AdaBoost
Accuracy: 0.6157635467980296
F1 Score: 0.5532886113038785
sensitivity: 0.5234500323516708
specificity: 0.8078817733990148
AUC: 0.74616625426274
roi区域：心肌+左心室，特征降维方法：PCA，模型名：KNN
Accuracy: 0.7142857142857143
F1 Score: 0.6689501396948204
sensitivity: 0.6328470724874582
specificity: 0.8571428571428571
AUC: 0.7905536471394466
roi区域：心肌+左心室，特征降维方法：PCA，模型名：LogisticRegressor
Accuracy: 0.7980295566502463
F1 Score: 0.7780883154375268
sensitivity: 0.7709949796659443
specificity: 0.8990147783251231
AUC: 0.9244375400453322
roi区域：心肌+左心室，特征降维方法：PCA，模型名：DecisionTree
Accuracy: 0.6650246305418719
F1 Score: 0.6449121951260396
sensitivity: 0.6612699419820731
specificity: 0.8325123152709359
AUC: 0.7309657811956903
roi区域：心肌+左心室，特征降维方法：PCA，模型名：SVM
Accuracy: 0.7832512315270936
F1 Score: 0.7586940323782428
sensitivity: 0.7431940508772591
specificity: 0.8916256157635468
AUC: 0.9005658797821274
roi区域：心肌+左心室，特征降维方法：PCA，模型名：RandomForest
Accuracy: 0.6059113300492611
F1 Score: 0.2935283510318573
sensitivity: 0.3563218390804597
specificity: 0.8029556650246306
AUC: 0.7634233490262353
roi区域：心肌+左心室，特征降维方法：PCA，模型名：AdaBoost
Accuracy: 0.5812807881773399
F1 Score: 0.49321251782867687
sensitivity: 0.46882141340058175
specificity: 0.7906403940886699
AUC: 0.7275013308926326
roi区域：心肌+左心室，特征降维方法：t-SNE，模型名：KNN
Accuracy: 0.7241379310344828
F1 Score: 0.6862728278822251
sensitivity: 0.6556420059111252
specificity: 0.8620689655172413
AUC: 0.7854756825567594
roi区域：心肌+左心室，特征降维方法：t-SNE，模型名：LogisticRegressor
Accuracy: 0.6798029556650246
F1 Score: 0.5840629549146606
sensitivity: 0.6042431770236821
specificity: 0.8399014778325123
AUC: 0.7712847542323781
roi区域：心肌+左心室，特征降维方法：t-SNE，模型名：DecisionTree
Accuracy: 0.6157635467980296
F1 Score: 0.6227920227920228
sensitivity: 0.6143788389603733
specificity: 0.8078817733990148
AUC: 0.6916506847824948
roi区域：心肌+左心室，特征降维方法：t-SNE，模型名：SVM
Accuracy: 0.729064039408867
F1 Score: 0.6598783941362653
sensitivity: 0.6529983098268424
specificity: 0.8645320197044335
AUC: 0.7785071547712121
roi区域：心肌+左心室，特征降维方法：t-SNE，模型名：RandomForest
Accuracy: 0.6896551724137931
F1 Score: 0.6495465490821528
sensitivity: 0.6432336615101151
specificity: 0.8448275862068966
AUC: 0.7872359009215512
roi区域：心肌+左心室，特征降维方法：t-SNE，模型名：AdaBoost
Accuracy: 0.6009852216748769
F1 Score: 0.6262825104596547
sensitivity: 0.6133769229528383
specificity: 0.8004926108374384
AUC: 0.7243476006485748
