roi区域：心肌，特征降维方法：无，模型名：KNN
Accuracy: 0.6995073891625616
F1 Score: 0.706904279579967
sensitivity: 0.6995073891625616
specificity: 0.8497536945812808
AUC: 0.8428267814765263
roi区域：心肌，特征降维方法：无，模型名：LogisticRegressor
Accuracy: 0.8325123152709359
F1 Score: 0.8296760852155038
sensitivity: 0.8325123152709359
specificity: 0.916256157635468
AUC: 0.931939845974957
roi区域：心肌，特征降维方法：无，模型名：DecisionTree
Accuracy: 0.7733990147783252
F1 Score: 0.7735490057471481
sensitivity: 0.7733990147783252
specificity: 0.8866995073891626
AUC: 0.7917370363409888
roi区域：心肌，特征降维方法：无，模型名：SVM
Accuracy: 0.7931034482758621
F1 Score: 0.7875367911353621
sensitivity: 0.7931034482758621
specificity: 0.896551724137931
AUC: 0.9237135842688308
roi区域：心肌，特征降维方法：无，模型名：RandomForest
Accuracy: 0.8226600985221675
F1 Score: 0.81378680357735
sensitivity: 0.8226600985221675
specificity: 0.9113300492610837
AUC: 0.9401714547273503
roi区域：心肌，特征降维方法：无，模型名：AdaBoost
Accuracy: 0.6847290640394089
F1 Score: 0.6343330940322298
sensitivity: 0.6847290640394089
specificity: 0.8423645320197044
AUC: 0.7097924794157572
roi区域：心肌，特征降维方法：PCA，模型名：KNN
Accuracy: 0.6995073891625616
F1 Score: 0.706904279579967
sensitivity: 0.6995073891625616
specificity: 0.8497536945812808
AUC: 0.8428267814765263
roi区域：心肌，特征降维方法：PCA，模型名：LogisticRegressor
Accuracy: 0.8325123152709359
F1 Score: 0.8296760852155038
sensitivity: 0.8325123152709359
specificity: 0.916256157635468
AUC: 0.931939845974957
roi区域：心肌，特征降维方法：PCA，模型名：DecisionTree
Accuracy: 0.5812807881773399
F1 Score: 0.579733810518284
sensitivity: 0.5812807881773399
specificity: 0.7906403940886699
AUC: 0.6471329091558121
roi区域：心肌，特征降维方法：PCA，模型名：SVM
Accuracy: 0.7931034482758621
F1 Score: 0.7875367911353621
sensitivity: 0.7931034482758621
specificity: 0.896551724137931
AUC: 0.9237135842688308
roi区域：心肌，特征降维方法：PCA，模型名：RandomForest
Accuracy: 0.6108374384236454
F1 Score: 0.4761511517272072
sensitivity: 0.6108374384236454
specificity: 0.8054187192118226
AUC: 0.7844666647820754
roi区域：心肌，特征降维方法：PCA，模型名：AdaBoost
Accuracy: 0.6354679802955665
F1 Score: 0.5215206493484552
sensitivity: 0.6354679802955665
specificity: 0.8177339901477833
AUC: 0.6502208063639539
roi区域：心肌，特征降维方法：t-SNE，模型名：KNN
Accuracy: 0.7192118226600985
F1 Score: 0.7081759486557088
sensitivity: 0.7192118226600985
specificity: 0.8596059113300493
AUC: 0.8137537920054451
roi区域：心肌，特征降维方法：t-SNE，模型名：LogisticRegressor
Accuracy: 0.6847290640394089
F1 Score: 0.5825275087909422
sensitivity: 0.6847290640394089
specificity: 0.8423645320197044
AUC: 0.7062602595445607
roi区域：心肌，特征降维方法：t-SNE，模型名：DecisionTree
Accuracy: 0.6600985221674877
F1 Score: 0.6561395841547473
sensitivity: 0.6600985221674877
specificity: 0.8300492610837439
AUC: 0.7253807846944621
roi区域：心肌，特征降维方法：t-SNE，模型名：SVM
Accuracy: 0.7142857142857143
F1 Score: 0.6102010719707532
sensitivity: 0.7142857142857143
specificity: 0.8571428571428571
AUC: 0.705212588290848
roi区域：心肌，特征降维方法：t-SNE，模型名：RandomForest
Accuracy: 0.7093596059113301
F1 Score: 0.6987765712218849
sensitivity: 0.7093596059113301
specificity: 0.854679802955665
AUC: 0.7933700585760385
roi区域：心肌，特征降维方法：t-SNE，模型名：AdaBoost
Accuracy: 0.6995073891625616
F1 Score: 0.6070229623717279
sensitivity: 0.6995073891625616
specificity: 0.8497536945812808
AUC: 0.7280111809447453
roi区域：左心室，特征降维方法：无，模型名：KNN
Accuracy: 0.7142857142857143
F1 Score: 0.7204102369115152
sensitivity: 0.7142857142857143
specificity: 0.8571428571428571
AUC: 0.833135803534276
roi区域：左心室，特征降维方法：无，模型名：LogisticRegressor
Accuracy: 0.7438423645320197
F1 Score: 0.7463401626563947
sensitivity: 0.7438423645320197
specificity: 0.8719211822660099
AUC: 0.8735836644812881
roi区域：左心室，特征降维方法：无，模型名：DecisionTree
Accuracy: 0.6305418719211823
F1 Score: 0.6321126768945673
sensitivity: 0.6305418719211823
specificity: 0.8152709359605911
AUC: 0.6819460061449739
roi区域：左心室，特征降维方法：无，模型名：SVM
Accuracy: 0.7881773399014779
F1 Score: 0.7645538642550427
sensitivity: 0.7881773399014779
specificity: 0.8940886699507389
AUC: 0.8632617664190446
roi区域：左心室，特征降维方法：无，模型名：RandomForest
Accuracy: 0.7931034482758621
F1 Score: 0.7704091815557564
sensitivity: 0.7931034482758621
specificity: 0.896551724137931
AUC: 0.875453537651012
roi区域：左心室，特征降维方法：无，模型名：AdaBoost
Accuracy: 0.6157635467980296
F1 Score: 0.6222780737910928
sensitivity: 0.6157635467980296
specificity: 0.8078817733990148
AUC: 0.7534258717333365
roi区域：左心室，特征降维方法：PCA，模型名：KNN
Accuracy: 0.7142857142857143
F1 Score: 0.7204102369115152
sensitivity: 0.7142857142857143
specificity: 0.8571428571428571
AUC: 0.833135803534276
roi区域：左心室，特征降维方法：PCA，模型名：LogisticRegressor
Accuracy: 0.7438423645320197
F1 Score: 0.7463401626563947
sensitivity: 0.7438423645320197
specificity: 0.8719211822660099
AUC: 0.8736172598585642
roi区域：左心室，特征降维方法：PCA，模型名：DecisionTree
Accuracy: 0.5812807881773399
F1 Score: 0.5822831031692489
sensitivity: 0.5812807881773399
specificity: 0.7906403940886699
AUC: 0.6407000418342956
roi区域：左心室，特征降维方法：PCA，模型名：SVM
Accuracy: 0.7881773399014779
F1 Score: 0.7645538642550427
sensitivity: 0.7881773399014779
specificity: 0.8940886699507389
AUC: 0.8632617664190446
roi区域：左心室，特征降维方法：PCA，模型名：RandomForest
Accuracy: 0.6157635467980296
F1 Score: 0.4939819235199847
sensitivity: 0.6157635467980296
specificity: 0.8078817733990148
AUC: 0.7915851884063323
roi区域：左心室，特征降维方法：PCA，模型名：AdaBoost
Accuracy: 0.6502463054187192
F1 Score: 0.6105575915008891
sensitivity: 0.6502463054187192
specificity: 0.8251231527093597
AUC: 0.7135327237001041
roi区域：左心室，特征降维方法：t-SNE，模型名：KNN
Accuracy: 0.7241379310344828
F1 Score: 0.7176380791323742
sensitivity: 0.7241379310344828
specificity: 0.8620689655172413
AUC: 0.8443465502902437
roi区域：左心室，特征降维方法：t-SNE，模型名：LogisticRegressor
Accuracy: 0.7733990147783252
F1 Score: 0.7615497684901109
sensitivity: 0.7733990147783252
specificity: 0.8866995073891626
AUC: 0.8416282417519741
roi区域：左心室，特征降维方法：t-SNE，模型名：DecisionTree
Accuracy: 0.6699507389162561
F1 Score: 0.6773010368458844
sensitivity: 0.6699507389162561
specificity: 0.8349753694581281
AUC: 0.7375193743178284
roi区域：左心室，特征降维方法：t-SNE，模型名：SVM
Accuracy: 0.7832512315270936
F1 Score: 0.7645580466104706
sensitivity: 0.7832512315270936
specificity: 0.8916256157635468
AUC: 0.8203036078654485
roi区域：左心室，特征降维方法：t-SNE，模型名：RandomForest
Accuracy: 0.729064039408867
F1 Score: 0.7201947898231336
sensitivity: 0.729064039408867
specificity: 0.8645320197044335
AUC: 0.8437956733731635
roi区域：左心室，特征降维方法：t-SNE，模型名：AdaBoost
Accuracy: 0.458128078817734
F1 Score: 0.4732279984019725
sensitivity: 0.458128078817734
specificity: 0.729064039408867
AUC: 0.7133216716907181
roi区域：心肌+左心室，特征降维方法：无，模型名：KNN
Accuracy: 0.7142857142857143
F1 Score: 0.7041321664395767
sensitivity: 0.7142857142857143
specificity: 0.8571428571428571
AUC: 0.7905536471394466
roi区域：心肌+左心室，特征降维方法：无，模型名：LogisticRegressor
Accuracy: 0.7980295566502463
F1 Score: 0.7978766973154441
sensitivity: 0.7980295566502463
specificity: 0.8990147783251231
AUC: 0.9246115866156276
roi区域：心肌+左心室，特征降维方法：无，模型名：DecisionTree
Accuracy: 0.645320197044335
F1 Score: 0.6461989110061253
sensitivity: 0.645320197044335
specificity: 0.8226600985221675
AUC: 0.698779157833035
roi区域：心肌+左心室，特征降维方法：无，模型名：SVM
Accuracy: 0.7832512315270936
F1 Score: 0.7740504903585018
sensitivity: 0.7832512315270936
specificity: 0.8916256157635468
AUC: 0.9005658797821274
roi区域：心肌+左心室，特征降维方法：无，模型名：RandomForest
Accuracy: 0.7881773399014779
F1 Score: 0.7713656344164174
sensitivity: 0.7881773399014779
specificity: 0.8940886699507389
AUC: 0.9016774066328606
roi区域：心肌+左心室，特征降维方法：无，模型名：AdaBoost
Accuracy: 0.6157635467980296
F1 Score: 0.6055596767889476
sensitivity: 0.6157635467980296
specificity: 0.8078817733990148
AUC: 0.74616625426274
roi区域：心肌+左心室，特征降维方法：PCA，模型名：KNN
Accuracy: 0.7142857142857143
F1 Score: 0.7041321664395767
sensitivity: 0.7142857142857143
specificity: 0.8571428571428571
AUC: 0.7905536471394466
roi区域：心肌+左心室，特征降维方法：PCA，模型名：LogisticRegressor
Accuracy: 0.7980295566502463
F1 Score: 0.7978766973154441
sensitivity: 0.7980295566502463
specificity: 0.8990147783251231
AUC: 0.9244375400453322
roi区域：心肌+左心室，特征降维方法：PCA，模型名：DecisionTree
Accuracy: 0.6650246305418719
F1 Score: 0.6657774518303928
sensitivity: 0.6650246305418719
specificity: 0.8325123152709359
AUC: 0.7309657811956903
roi区域：心肌+左心室，特征降维方法：PCA，模型名：SVM
Accuracy: 0.7832512315270936
F1 Score: 0.7740504903585018
sensitivity: 0.7832512315270936
specificity: 0.8916256157635468
AUC: 0.9005658797821274
roi区域：心肌+左心室，特征降维方法：PCA，模型名：RandomForest
Accuracy: 0.6059113300492611
F1 Score: 0.4664030723282203
sensitivity: 0.6059113300492611
specificity: 0.8029556650246306
AUC: 0.7634233490262353
roi区域：心肌+左心室，特征降维方法：PCA，模型名：AdaBoost
Accuracy: 0.5812807881773399
F1 Score: 0.5555373153019334
sensitivity: 0.5812807881773399
specificity: 0.7906403940886699
AUC: 0.7275013308926326
roi区域：心肌+左心室，特征降维方法：t-SNE，模型名：KNN
Accuracy: 0.7044334975369458
F1 Score: 0.6916407149463035
sensitivity: 0.7044334975369458
specificity: 0.8522167487684729
AUC: 0.7891956057368122
roi区域：心肌+左心室，特征降维方法：t-SNE，模型名：LogisticRegressor
Accuracy: 0.7192118226600985
F1 Score: 0.6849277532138983
sensitivity: 0.7192118226600985
specificity: 0.8596059113300493
AUC: 0.7917368209892918
roi区域：心肌+左心室，特征降维方法：t-SNE，模型名：DecisionTree
Accuracy: 0.6206896551724138
F1 Score: 0.6243298857877645
sensitivity: 0.6206896551724138
specificity: 0.8103448275862069
AUC: 0.6927561580486836
roi区域：心肌+左心室，特征降维方法：t-SNE，模型名：SVM
Accuracy: 0.729064039408867
F1 Score: 0.6957098548231554
sensitivity: 0.729064039408867
specificity: 0.8645320197044335
AUC: 0.778057297316293
roi区域：心肌+左心室，特征降维方法：t-SNE，模型名：RandomForest
Accuracy: 0.7093596059113301
F1 Score: 0.698299873262392
sensitivity: 0.7093596059113301
specificity: 0.854679802955665
AUC: 0.7696688749581798
roi区域：心肌+左心室，特征降维方法：t-SNE，模型名：AdaBoost
Accuracy: 0.47783251231527096
F1 Score: 0.46634852375148605
sensitivity: 0.47783251231527096
specificity: 0.7389162561576355
AUC: 0.6134936964232289
