roi区域：心肌，特征降维方法：无，模型名：KNN
Accuracy: 0.7586 ± 0.0946
F1 Score: 0.7639 ± 0.0866
Sensitivity: 0.7523 ± 0.0923
Specificity: 0.8793 ± 0.0473
AUC: 0.8542 ± 0.0698
roi区域：心肌，特征降维方法：无，模型名：LogisticRegressor
Accuracy: 0.8227 ± 0.0398
F1 Score: 0.8186 ± 0.0432
Sensitivity: 0.8039 ± 0.0453
Specificity: 0.9113 ± 0.0199
AUC: 0.9227 ± 0.0199
roi区域：心肌，特征降维方法：无，模型名：DecisionTree
Accuracy: 0.7635 ± 0.0687
F1 Score: 0.7473 ± 0.0971
Sensitivity: 0.7394 ± 0.0966
Specificity: 0.8818 ± 0.0343
AUC: 0.8005 ± 0.0668
roi区域：心肌，特征降维方法：无，模型名：SVM
Accuracy: 0.8128 ± 0.0448
F1 Score: 0.7980 ± 0.0630
Sensitivity: 0.7791 ± 0.0643
Specificity: 0.9064 ± 0.0224
AUC: 0.9286 ± 0.0268
roi区域：心肌，特征降维方法：无，模型名：RandomForest
Accuracy: 0.8227 ± 0.0551
F1 Score: 0.8022 ± 0.0720
Sensitivity: 0.7810 ± 0.0808
Specificity: 0.9113 ± 0.0276
AUC: 0.9346 ± 0.0313
roi区域：心肌，特征降维方法：无，模型名：AdaBoost
Accuracy: 0.6749 ± 0.1040
F1 Score: 0.5791 ± 0.1825
Sensitivity: 0.5630 ± 0.1698
Specificity: 0.8374 ± 0.0520
AUC: 0.8362 ± 0.0729
roi区域：心肌，特征降维方法：无，模型名：XGBoost
Accuracy: 0.7931 ± 0.0626
F1 Score: 0.7772 ± 0.0927
Sensitivity: 0.7734 ± 0.0858
Specificity: 0.8966 ± 0.0313
AUC: 0.9392 ± 0.0187
roi区域：心肌，特征降维方法：无，模型名：LightGBM
Accuracy: 0.8177 ± 0.0426
F1 Score: 0.8011 ± 0.0307
Sensitivity: 0.8030 ± 0.0556
Specificity: 0.9089 ± 0.0213
AUC: 0.9224 ± 0.0292
roi区域：左心室，特征降维方法：无，模型名：KNN
Accuracy: 0.7192 ± 0.0689
F1 Score: 0.7095 ± 0.0771
Sensitivity: 0.7022 ± 0.1114
Specificity: 0.8596 ± 0.0345
AUC: 0.8398 ± 0.0607
roi区域：左心室，特征降维方法：无，模型名：LogisticRegressor
Accuracy: 0.7635 ± 0.0900
F1 Score: 0.7517 ± 0.1197
Sensitivity: 0.7428 ± 0.1162
Specificity: 0.8818 ± 0.0450
AUC: 0.8870 ± 0.0387
roi区域：左心室，特征降维方法：无，模型名：DecisionTree
Accuracy: 0.6453 ± 0.0672
F1 Score: 0.6167 ± 0.1099
Sensitivity: 0.6030 ± 0.1192
Specificity: 0.8227 ± 0.0336
AUC: 0.6852 ± 0.0817
roi区域：左心室，特征降维方法：无，模型名：SVM
Accuracy: 0.7882 ± 0.0626
F1 Score: 0.7434 ± 0.0935
Sensitivity: 0.7212 ± 0.1038
Specificity: 0.8941 ± 0.0313
AUC: 0.8652 ± 0.0288
roi区域：左心室，特征降维方法：无，模型名：RandomForest
Accuracy: 0.8030 ± 0.0301
F1 Score: 0.7752 ± 0.0364
Sensitivity: 0.7663 ± 0.0564
Specificity: 0.9015 ± 0.0150
AUC: 0.8799 ± 0.0543
roi区域：左心室，特征降维方法：无，模型名：AdaBoost
Accuracy: 0.6995 ± 0.0784
F1 Score: 0.6208 ± 0.1241
Sensitivity: 0.5944 ± 0.1287
Specificity: 0.8498 ± 0.0392
AUC: 0.8396 ± 0.0528
roi区域：左心室，特征降维方法：无，模型名：XGBoost
Accuracy: 0.7389 ± 0.0889
F1 Score: 0.7016 ± 0.0829
Sensitivity: 0.6745 ± 0.1075
Specificity: 0.8695 ± 0.0444
AUC: 0.8544 ± 0.0390
roi区域：左心室，特征降维方法：无，模型名：LightGBM
Accuracy: 0.7586 ± 0.0786
F1 Score: 0.7444 ± 0.0739
Sensitivity: 0.7346 ± 0.0875
Specificity: 0.8793 ± 0.0393
AUC: 0.8610 ± 0.0494
roi区域：心肌+左心室，特征降维方法：无，模型名：KNN
Accuracy: 0.7192 ± 0.0893
F1 Score: 0.6805 ± 0.0945
Sensitivity: 0.6548 ± 0.0870
Specificity: 0.8596 ± 0.0447
AUC: 0.8103 ± 0.0459
roi区域：心肌+左心室，特征降维方法：无，模型名：LogisticRegressor
Accuracy: 0.8079 ± 0.0897
F1 Score: 0.7919 ± 0.1096
Sensitivity: 0.7817 ± 0.1104
Specificity: 0.9039 ± 0.0449
AUC: 0.9290 ± 0.0439
roi区域：心肌+左心室，特征降维方法：无，模型名：DecisionTree
Accuracy: 0.6552 ± 0.0661
F1 Score: 0.6173 ± 0.1073
Sensitivity: 0.6312 ± 0.1069
Specificity: 0.8276 ± 0.0331
AUC: 0.7160 ± 0.0731
roi区域：心肌+左心室，特征降维方法：无，模型名：SVM
Accuracy: 0.7734 ± 0.0941
F1 Score: 0.7496 ± 0.1012
Sensitivity: 0.7343 ± 0.1090
Specificity: 0.8867 ± 0.0470
AUC: 0.9124 ± 0.0381
roi区域：心肌+左心室，特征降维方法：无，模型名：RandomForest
Accuracy: 0.8030 ± 0.0697
F1 Score: 0.7712 ± 0.1152
Sensitivity: 0.7471 ± 0.1120
Specificity: 0.9015 ± 0.0348
AUC: 0.9140 ± 0.0645
roi区域：心肌+左心室，特征降维方法：无，模型名：AdaBoost
Accuracy: 0.6946 ± 0.0550
F1 Score: 0.5494 ± 0.1079
Sensitivity: 0.5132 ± 0.0952
Specificity: 0.8473 ± 0.0275
AUC: 0.8196 ± 0.0650
roi区域：心肌+左心室，特征降维方法：无，模型名：XGBoost
Accuracy: 0.8276 ± 0.0618
F1 Score: 0.8046 ± 0.0765
Sensitivity: 0.8015 ± 0.0610
Specificity: 0.9138 ± 0.0309
AUC: 0.9197 ± 0.0216
roi区域：心肌+左心室，特征降维方法：无，模型名：LightGBM
